2016-03-15 10:19:21,770 DEBUG [main] r.b.Transaction [Transaction.java:110] sql insert: INSERT INTO person(first_name, age) VALUES(:first_name, :age) with parameters: {id=null, first_name=Zeljko, age=35}
2016-03-15 13:49:45,200 DEBUG [main] r.b.Transaction [Transaction.java:114] sql insert: INSERT INTO person(first_name, age) VALUES(:first_name, :age) with parameters: {id=null, first_name=Zeljko, age=35}
2016-03-15 13:49:45,218 DEBUG [main] r.b.Transaction [Transaction.java:114] sql insert: INSERT INTO person(first_name, age) VALUES(:first_name, :age) with parameters: {id=null, first_name=Zeljko, age=35}
2016-03-15 13:49:45,227 DEBUG [main] r.b.Transaction [Transaction.java:114] sql insert: INSERT INTO person(first_name, age) VALUES(:first_name, :age) with parameters: {id=null, first_name=Zeljko, age=35}
2016-03-15 13:49:45,230 DEBUG [main] r.b.Transaction [Transaction.java:114] sql insert: INSERT INTO person(first_name, age) VALUES(:first_name, :age) with parameters: {id=null, first_name=Zeljko, age=35}
2016-03-15 13:49:45,232 DEBUG [main] r.b.Transaction [Transaction.java:114] sql insert: INSERT INTO person(first_name, age) VALUES(:first_name, :age) with parameters: {id=null, first_name=Zeljko, age=35}
2016-03-15 13:49:45,239 DEBUG [main] r.b.Transaction [Transaction.java:114] sql insert: INSERT INTO person(first_name, age) VALUES(:first_name, :age) with parameters: {id=null, first_name=Zeljko, age=35}
2016-03-15 13:49:45,243 DEBUG [main] r.b.Transaction [Transaction.java:114] sql insert: INSERT INTO person(first_name, age) VALUES(:first_name, :age) with parameters: {id=null, first_name=Zeljko, age=35}
2016-03-15 13:49:45,248 DEBUG [main] r.b.Transaction [Transaction.java:114] sql insert: INSERT INTO person(first_name, age) VALUES(:first_name, :age) with parameters: {id=null, first_name=Zeljko2, age=36}
2016-03-15 13:49:45,253 DEBUG [main] r.b.Transaction [Transaction.java:114] sql insert: INSERT INTO person(first_name, age) VALUES(:first_name, :age) with parameters: {id=null, first_name=Zeljko, age=35}
2016-03-15 13:49:45,335 DEBUG [main] r.b.Transaction [Transaction.java:114] sql insert: INSERT INTO female(first_name, age) VALUES(:first_name, :age) with parameters: {id=null, first_name=F, age=35}
2016-03-15 13:49:45,342 DEBUG [main] r.b.Transaction [Transaction.java:114] sql insert: INSERT INTO male(female_id, first_name, age) VALUES(:female_id, :first_name, :age) with parameters: {female_id=19, id=null, first_name=Zeljko, age=35}
2016-03-15 13:52:35,129 DEBUG [main] r.b.Transaction [Transaction.java:114] sql insert: INSERT INTO person(first_name, age) VALUES(:first_name, :age) with parameters: {id=null, first_name=Zeljko, age=35}
2016-03-15 13:52:35,146 DEBUG [main] r.b.Transaction [Transaction.java:114] sql insert: INSERT INTO person(first_name, age) VALUES(:first_name, :age) with parameters: {id=null, first_name=Zeljko, age=35}
2016-03-15 13:52:35,153 DEBUG [main] r.b.Transaction [Transaction.java:114] sql insert: INSERT INTO person(first_name, age) VALUES(:first_name, :age) with parameters: {id=null, first_name=Zeljko, age=35}
2016-03-15 13:52:35,156 DEBUG [main] r.b.Transaction [Transaction.java:114] sql insert: INSERT INTO person(first_name, age) VALUES(:first_name, :age) with parameters: {id=null, first_name=Zeljko, age=35}
2016-03-15 13:52:35,158 DEBUG [main] r.b.Transaction [Transaction.java:114] sql insert: INSERT INTO person(first_name, age) VALUES(:first_name, :age) with parameters: {id=null, first_name=Zeljko, age=35}
2016-03-15 13:52:35,169 DEBUG [main] r.b.Transaction [Transaction.java:114] sql insert: INSERT INTO person(first_name, age) VALUES(:first_name, :age) with parameters: {id=null, first_name=Zeljko, age=35}
2016-03-15 13:52:35,173 DEBUG [main] r.b.Transaction [Transaction.java:114] sql insert: INSERT INTO person(first_name, age) VALUES(:first_name, :age) with parameters: {id=null, first_name=Zeljko, age=35}
2016-03-15 13:52:35,177 DEBUG [main] r.b.Transaction [Transaction.java:114] sql insert: INSERT INTO person(first_name, age) VALUES(:first_name, :age) with parameters: {id=null, first_name=Zeljko2, age=36}
2016-03-15 13:52:35,181 DEBUG [main] r.b.Transaction [Transaction.java:114] sql insert: INSERT INTO person(first_name, age) VALUES(:first_name, :age) with parameters: {id=null, first_name=Zeljko, age=35}
2016-03-15 13:52:35,288 DEBUG [main] r.b.Transaction [Transaction.java:114] sql insert: INSERT INTO female(first_name, age) VALUES(:first_name, :age) with parameters: {id=null, first_name=F, age=35}
2016-03-15 13:52:35,291 DEBUG [main] r.b.Transaction [Transaction.java:114] sql insert: INSERT INTO male(female_id, first_name, age) VALUES(:female_id, :first_name, :age) with parameters: {female_id=20, id=null, first_name=Zeljko, age=35}
2016-03-15 13:52:56,011 DEBUG [main] r.b.Transaction [Transaction.java:114] sql insert: INSERT INTO female(first_name, age) VALUES(:first_name, :age) with parameters: {id=null, first_name=F, age=35}
2016-03-15 13:52:56,018 DEBUG [main] r.b.Transaction [Transaction.java:114] sql insert: INSERT INTO male(female_id, first_name, age) VALUES(:female_id, :first_name, :age) with parameters: {female_id=21, id=null, first_name=Zeljko, age=35}
2016-03-15 13:54:21,344 DEBUG [main] r.b.Transaction [Transaction.java:114] sql insert: INSERT INTO female(first_name, age) VALUES(:first_name, :age) with parameters: {id=null, first_name=F, age=35}
2016-03-15 13:54:21,350 DEBUG [main] r.b.Transaction [Transaction.java:114] sql insert: INSERT INTO male(female_id, first_name, age) VALUES(:female_id, :first_name, :age) with parameters: {female_id=22, id=null, first_name=Zeljko, age=35}
2016-03-15 14:01:06,706 DEBUG [main] r.b.Transaction [Transaction.java:114] sql insert: INSERT INTO female(first_name, age) VALUES(:first_name, :age) with parameters: {id=null, first_name=F, age=35}
2016-03-15 14:01:06,712 DEBUG [main] r.b.Transaction [Transaction.java:114] sql insert: INSERT INTO male(female_id, first_name, age) VALUES(:female_id, :first_name, :age) with parameters: {female_id=23, id=null, first_name=Zeljko, age=35}
2016-03-15 14:01:46,667 DEBUG [main] r.b.Transaction [Transaction.java:114] sql insert: INSERT INTO female(first_name, age) VALUES(:first_name, :age) with parameters: {id=null, first_name=F, age=35}
2016-03-15 14:01:46,674 DEBUG [main] r.b.Transaction [Transaction.java:114] sql insert: INSERT INTO male(female_id, first_name, age) VALUES(:female_id, :first_name, :age) with parameters: {female_id=24, id=null, first_name=Zeljko, age=35}
2016-03-15 14:02:28,921 DEBUG [main] r.b.Transaction [Transaction.java:114] sql insert: INSERT INTO female(first_name, age) VALUES(:first_name, :age) with parameters: {id=null, first_name=F, age=35}
2016-03-15 14:02:28,928 DEBUG [main] r.b.Transaction [Transaction.java:114] sql insert: INSERT INTO male(female_id, first_name, age) VALUES(:female_id, :first_name, :age) with parameters: {female_id=25, id=null, first_name=Zeljko, age=35}
2016-03-15 14:03:02,618 DEBUG [main] r.b.Transaction [Transaction.java:114] sql insert: INSERT INTO female(first_name, age) VALUES(:first_name, :age) with parameters: {id=null, first_name=F, age=35}
2016-03-15 14:03:02,624 DEBUG [main] r.b.Transaction [Transaction.java:114] sql insert: INSERT INTO male(female_id, first_name, age) VALUES(:female_id, :first_name, :age) with parameters: {female_id=26, id=null, first_name=Zeljko, age=35}
2016-03-15 14:05:26,942 DEBUG [main] r.b.Transaction [Transaction.java:114] sql insert: INSERT INTO female(first_name, age) VALUES(:first_name, :age) with parameters: {id=null, first_name=F, age=35}
2016-03-15 14:05:26,948 DEBUG [main] r.b.Transaction [Transaction.java:114] sql insert: INSERT INTO male(female_id, first_name, age) VALUES(:female_id, :first_name, :age) with parameters: {female_id=27, id=null, first_name=Zeljko, age=35}
2016-03-15 15:09:17,661 DEBUG [main] r.b.Transaction [Transaction.java:125] sql insert: INSERT INTO female(first_name, age) VALUES(:first_name, :age) with parameters: {id=null, first_name=F, age=35}
2016-03-15 15:09:17,667 DEBUG [main] r.b.Transaction [Transaction.java:125] sql insert: INSERT INTO male(female_id, first_name, age) VALUES(:female_id, :first_name, :age) with parameters: {female_id=28, id=null, first_name=Zeljko, age=35}
2016-03-15 15:09:53,588 DEBUG [main] r.b.Transaction [Transaction.java:125] sql insert: INSERT INTO female(first_name, age) VALUES(:first_name, :age) with parameters: {id=null, first_name=F, age=35}
2016-03-15 15:09:53,595 DEBUG [main] r.b.Transaction [Transaction.java:125] sql insert: INSERT INTO male(female_id, first_name, age) VALUES(:female_id, :first_name, :age) with parameters: {female_id=29, id=null, first_name=Zeljko, age=35}
2016-03-15 15:17:02,145 DEBUG [main] r.b.Transaction [Transaction.java:125] sql insert: INSERT INTO female(first_name, age) VALUES(:first_name, :age) with parameters: {id=null, first_name=F, age=35}
2016-03-15 15:17:02,151 DEBUG [main] r.b.Transaction [Transaction.java:125] sql insert: INSERT INTO male(female_id, first_name, age) VALUES(:female_id, :first_name, :age) with parameters: {female_id=30, id=null, first_name=Zeljko, age=35}
2016-03-15 15:17:27,035 DEBUG [main] r.b.Transaction [Transaction.java:125] sql insert: INSERT INTO female(first_name, age) VALUES(:first_name, :age) with parameters: {id=null, first_name=F, age=35}
2016-03-15 15:17:27,042 DEBUG [main] r.b.Transaction [Transaction.java:125] sql insert: INSERT INTO male(female_id, first_name, age) VALUES(:female_id, :first_name, :age) with parameters: {female_id=31, id=null, first_name=Zeljko, age=35}
2016-03-15 15:19:00,307 DEBUG [main] r.b.Transaction [Transaction.java:125] sql insert: INSERT INTO female(first_name, age) VALUES(:first_name, :age) with parameters: {id=null, first_name=F, age=35}
2016-03-15 15:19:00,314 DEBUG [main] r.b.Transaction [Transaction.java:125] sql insert: INSERT INTO male(female_id, first_name, age) VALUES(:female_id, :first_name, :age) with parameters: {female_id=32, id=null, first_name=Zeljko, age=35}
2016-03-15 15:19:20,102 DEBUG [main] r.b.Transaction [Transaction.java:125] sql insert: INSERT INTO female(first_name, age) VALUES(:first_name, :age) with parameters: {id=null, first_name=F, age=35}
2016-03-15 15:19:20,109 DEBUG [main] r.b.Transaction [Transaction.java:125] sql insert: INSERT INTO male(female_id, first_name, age) VALUES(:female_id, :first_name, :age) with parameters: {female_id=33, id=null, first_name=Zeljko, age=35}
2016-03-15 15:20:11,717 DEBUG [main] r.b.Transaction [Transaction.java:125] sql insert: INSERT INTO female(first_name, age) VALUES(:first_name, :age) with parameters: {id=null, first_name=F, age=35}
2016-03-15 15:20:11,724 DEBUG [main] r.b.Transaction [Transaction.java:125] sql insert: INSERT INTO male(female_id, first_name, age) VALUES(:female_id, :first_name, :age) with parameters: {female_id=34, id=null, first_name=Zeljko, age=35}
2016-03-15 15:20:44,007 DEBUG [main] r.b.Transaction [Transaction.java:125] sql insert: INSERT INTO female(first_name, age) VALUES(:first_name, :age) with parameters: {id=null, first_name=F, age=35}
2016-03-15 15:20:44,013 DEBUG [main] r.b.Transaction [Transaction.java:125] sql insert: INSERT INTO male(female_id, first_name, age) VALUES(:female_id, :first_name, :age) with parameters: {female_id=35, id=null, first_name=Zeljko, age=35}
2016-03-15 15:37:46,021 DEBUG [main] r.b.Transaction [Transaction.java:126] sql insert: INSERT INTO female(first_name, age) VALUES(:first_name, :age) with parameters: {id=null, first_name=F, age=35}
2016-03-15 15:37:46,028 DEBUG [main] r.b.Transaction [Transaction.java:126] sql insert: INSERT INTO male(female_id, first_name, age) VALUES(:female_id, :first_name, :age) with parameters: {female_id=36, id=null, first_name=Zeljko, age=35}
2016-03-15 15:54:37,870 DEBUG [main] r.b.Transaction [Transaction.java:126] sql insert: INSERT INTO female(first_name, age) VALUES(:first_name, :age) with parameters: {id=null, first_name=F, age=35}
2016-03-15 15:54:37,877 DEBUG [main] r.b.Transaction [Transaction.java:126] sql insert: INSERT INTO male(female_id, first_name, age) VALUES(:female_id, :first_name, :age) with parameters: {female_id=37, id=null, first_name=Zeljko, age=35}
2016-03-16 09:08:53,116 DEBUG [main] r.b.Transaction [Transaction.java:141] sql insert: INSERT INTO female(first_name, age) VALUES(:first_name, :age) with parameters: {id=null, first_name=F, age=35}
2016-03-16 09:08:53,126 DEBUG [main] r.b.Transaction [Transaction.java:141] sql insert: INSERT INTO male(female_id, first_name, age) VALUES(:female_id, :first_name, :age) with parameters: {female_id=38, id=null, first_name=Zeljko, age=35}
2016-03-16 09:10:48,341 DEBUG [main] r.b.Transaction [Transaction.java:141] sql insert: INSERT INTO female(first_name, age) VALUES(:first_name, :age) with parameters: {id=null, first_name=F, age=35}
2016-03-16 09:10:48,347 DEBUG [main] r.b.Transaction [Transaction.java:141] sql insert: INSERT INTO male(female_id, first_name, age) VALUES(:female_id, :first_name, :age) with parameters: {female_id=39, id=null, first_name=Zeljko, age=35}
2016-03-16 09:15:40,888 DEBUG [main] r.b.Transaction [Transaction.java:141] sql insert: INSERT INTO female(first_name, age) VALUES(:first_name, :age) with parameters: {id=null, first_name=F, age=35}
2016-03-16 09:15:40,895 DEBUG [main] r.b.Transaction [Transaction.java:141] sql insert: INSERT INTO male(female_id, first_name, age) VALUES(:female_id, :first_name, :age) with parameters: {female_id=40, id=null, first_name=Zeljko, age=35}
2016-03-16 09:22:45,676 DEBUG [main] r.b.Transaction [Transaction.java:141] sql insert: INSERT INTO female(first_name, age) VALUES(:first_name, :age) with parameters: {id=null, first_name=F, age=35}
2016-03-16 09:22:45,682 DEBUG [main] r.b.Transaction [Transaction.java:141] sql insert: INSERT INTO male(female_id, first_name, age) VALUES(:female_id, :first_name, :age) with parameters: {female_id=41, id=null, first_name=Zeljko, age=35}
2016-03-16 09:23:04,697 DEBUG [main] r.b.Transaction [Transaction.java:141] sql insert: INSERT INTO female(first_name, age) VALUES(:first_name, :age) with parameters: {id=null, first_name=F, age=35}
2016-03-16 09:23:04,704 DEBUG [main] r.b.Transaction [Transaction.java:141] sql insert: INSERT INTO male(female_id, first_name, age) VALUES(:female_id, :first_name, :age) with parameters: {female_id=42, id=null, first_name=Zeljko, age=35}
2016-03-16 09:23:26,274 DEBUG [main] r.b.Transaction [Transaction.java:141] sql insert: INSERT INTO female(first_name, age) VALUES(:first_name, :age) with parameters: {id=null, first_name=F, age=35}
2016-03-16 09:23:26,280 DEBUG [main] r.b.Transaction [Transaction.java:141] sql insert: INSERT INTO male(female_id, first_name, age) VALUES(:female_id, :first_name, :age) with parameters: {female_id=43, id=null, first_name=Zeljko, age=35}
2016-03-16 09:24:07,177 DEBUG [main] r.b.Transaction [Transaction.java:141] sql insert: INSERT INTO female(first_name, age) VALUES(:first_name, :age) with parameters: {id=null, first_name=F, age=35}
2016-03-16 09:24:07,187 DEBUG [main] r.b.Transaction [Transaction.java:141] sql insert: INSERT INTO male(female_id, first_name, age) VALUES(:female_id, :first_name, :age) with parameters: {female_id=44, id=null, first_name=Zeljko, age=35}
2016-03-16 09:25:52,148 DEBUG [main] r.b.Transaction [Transaction.java:141] sql insert: INSERT INTO female(first_name, age) VALUES(:first_name, :age) with parameters: {id=null, first_name=F, age=35}
2016-03-16 09:25:52,155 DEBUG [main] r.b.Transaction [Transaction.java:141] sql insert: INSERT INTO male(female_id, first_name, age) VALUES(:female_id, :first_name, :age) with parameters: {female_id=45, id=null, first_name=Zeljko, age=35}
2016-03-16 09:27:45,454 DEBUG [main] r.b.Transaction [Transaction.java:141] sql insert: INSERT INTO female(first_name, age) VALUES(:first_name, :age) with parameters: {id=null, first_name=F, age=35}
2016-03-16 09:27:45,461 DEBUG [main] r.b.Transaction [Transaction.java:141] sql insert: INSERT INTO male(female_id, first_name, age) VALUES(:female_id, :first_name, :age) with parameters: {female_id=46, id=null, first_name=Zeljko, age=35}
2016-03-16 10:00:40,810 DEBUG [main] r.b.Transaction [Transaction.java:136] sql insert: INSERT INTO person(first_name, age) VALUES(:first_name, :age) with parameters: {id=null, first_name=Zeljko, age=35}
2016-03-16 10:00:40,829 DEBUG [main] r.b.Transaction [Transaction.java:136] sql insert: INSERT INTO person(first_name, age) VALUES(:first_name, :age) with parameters: {id=null, first_name=Zeljko, age=35}
2016-03-16 10:00:40,840 DEBUG [main] r.b.Transaction [Transaction.java:136] sql insert: INSERT INTO person(first_name, age) VALUES(:first_name, :age) with parameters: {id=null, first_name=Zeljko, age=35}
2016-03-16 10:00:40,842 DEBUG [main] r.b.Transaction [Transaction.java:136] sql insert: INSERT INTO person(first_name, age) VALUES(:first_name, :age) with parameters: {id=null, first_name=Zeljko, age=35}
2016-03-16 10:00:40,843 DEBUG [main] r.b.Transaction [Transaction.java:136] sql insert: INSERT INTO person(first_name, age) VALUES(:first_name, :age) with parameters: {id=null, first_name=Zeljko, age=35}
2016-03-16 10:00:40,852 DEBUG [main] r.b.Transaction [Transaction.java:136] sql insert: INSERT INTO person(first_name, age) VALUES(:first_name, :age) with parameters: {id=null, first_name=Zeljko, age=35}
2016-03-16 10:00:40,859 DEBUG [main] r.b.Transaction [Transaction.java:136] sql insert: INSERT INTO person(first_name, age) VALUES(:first_name, :age) with parameters: {id=null, first_name=Zeljko, age=35}
2016-03-16 10:00:40,863 DEBUG [main] r.b.Transaction [Transaction.java:136] sql insert: INSERT INTO person(first_name, age) VALUES(:first_name, :age) with parameters: {id=null, first_name=Zeljko2, age=36}
2016-03-16 10:00:40,867 DEBUG [main] r.b.Transaction [Transaction.java:136] sql insert: INSERT INTO person(first_name, age) VALUES(:first_name, :age) with parameters: {id=null, first_name=Zeljko, age=35}
2016-03-16 10:00:40,946 DEBUG [main] r.b.Transaction [Transaction.java:136] sql insert: INSERT INTO female(first_name, age) VALUES(:first_name, :age) with parameters: {id=null, first_name=F, age=35}
2016-03-16 10:00:40,950 DEBUG [main] r.b.Transaction [Transaction.java:136] sql insert: INSERT INTO male(female_id, first_name, age) VALUES(:female_id, :first_name, :age) with parameters: {female_id=47, id=null, first_name=Zeljko, age=35}
2016-03-16 10:05:09,194 DEBUG [main] r.b.Transaction [Transaction.java:136] sql insert: INSERT INTO person(first_name, age) VALUES(:first_name, :age) with parameters: {id=null, first_name=Zeljko, age=35}
2016-03-16 10:05:09,307 DEBUG [main] r.b.Transaction [Transaction.java:136] sql insert: INSERT INTO person(first_name, age) VALUES(:first_name, :age) with parameters: {id=null, first_name=Zeljko, age=35}
2016-03-16 10:05:09,317 DEBUG [main] r.b.Transaction [Transaction.java:136] sql insert: INSERT INTO person(first_name, age) VALUES(:first_name, :age) with parameters: {id=null, first_name=Zeljko, age=35}
2016-03-16 10:05:09,318 DEBUG [main] r.b.Transaction [Transaction.java:136] sql insert: INSERT INTO person(first_name, age) VALUES(:first_name, :age) with parameters: {id=null, first_name=Zeljko, age=35}
2016-03-16 10:05:09,321 DEBUG [main] r.b.Transaction [Transaction.java:136] sql insert: INSERT INTO person(first_name, age) VALUES(:first_name, :age) with parameters: {id=null, first_name=Zeljko, age=35}
2016-03-16 10:05:09,331 DEBUG [main] r.b.Transaction [Transaction.java:136] sql insert: INSERT INTO person(first_name, age) VALUES(:first_name, :age) with parameters: {id=null, first_name=Zeljko, age=35}
2016-03-16 10:05:09,336 DEBUG [main] r.b.Transaction [Transaction.java:136] sql insert: INSERT INTO person(first_name, age) VALUES(:first_name, :age) with parameters: {id=null, first_name=Zeljko, age=35}
2016-03-16 10:05:09,340 DEBUG [main] r.b.Transaction [Transaction.java:136] sql insert: INSERT INTO person(first_name, age) VALUES(:first_name, :age) with parameters: {id=null, first_name=Zeljko2, age=36}
2016-03-16 10:05:09,345 DEBUG [main] r.b.Transaction [Transaction.java:136] sql insert: INSERT INTO person(first_name, age) VALUES(:first_name, :age) with parameters: {id=null, first_name=Zeljko, age=35}
2016-03-16 10:05:38,835 DEBUG [main] r.b.Transaction [Transaction.java:136] sql insert: INSERT INTO person(first_name, age) VALUES(:first_name, :age) with parameters: {id=null, first_name=Zeljko, age=35}
2016-03-16 10:05:38,855 DEBUG [main] r.b.Transaction [Transaction.java:136] sql insert: INSERT INTO person(first_name, age) VALUES(:first_name, :age) with parameters: {id=null, first_name=Zeljko, age=35}
2016-03-16 10:05:38,862 DEBUG [main] r.b.Transaction [Transaction.java:136] sql insert: INSERT INTO person(first_name, age) VALUES(:first_name, :age) with parameters: {id=null, first_name=Zeljko, age=35}
2016-03-16 10:05:38,865 DEBUG [main] r.b.Transaction [Transaction.java:136] sql insert: INSERT INTO person(first_name, age) VALUES(:first_name, :age) with parameters: {id=null, first_name=Zeljko, age=35}
2016-03-16 10:05:38,867 DEBUG [main] r.b.Transaction [Transaction.java:136] sql insert: INSERT INTO person(first_name, age) VALUES(:first_name, :age) with parameters: {id=null, first_name=Zeljko, age=35}
2016-03-16 10:05:38,875 DEBUG [main] r.b.Transaction [Transaction.java:136] sql insert: INSERT INTO person(first_name, age) VALUES(:first_name, :age) with parameters: {id=null, first_name=Zeljko, age=35}
2016-03-16 10:05:38,880 DEBUG [main] r.b.Transaction [Transaction.java:136] sql insert: INSERT INTO person(first_name, age) VALUES(:first_name, :age) with parameters: {id=null, first_name=Zeljko, age=35}
2016-03-16 10:05:38,884 DEBUG [main] r.b.Transaction [Transaction.java:136] sql insert: INSERT INTO person(first_name, age) VALUES(:first_name, :age) with parameters: {id=null, first_name=Zeljko2, age=36}
2016-03-16 10:05:38,888 DEBUG [main] r.b.Transaction [Transaction.java:136] sql insert: INSERT INTO person(first_name, age) VALUES(:first_name, :age) with parameters: {id=null, first_name=Zeljko, age=35}
2016-03-16 10:05:38,965 DEBUG [main] r.b.Transaction [Transaction.java:136] sql insert: INSERT INTO female(first_name, age) VALUES(:first_name, :age) with parameters: {id=null, first_name=F, age=35}
2016-03-16 10:05:38,970 DEBUG [main] r.b.Transaction [Transaction.java:136] sql insert: INSERT INTO male(female_id, first_name, age) VALUES(:female_id, :first_name, :age) with parameters: {female_id=48, id=null, first_name=Zeljko, age=35}
2016-03-16 10:06:44,568 DEBUG [main] r.b.Transaction [Transaction.java:136] sql insert: INSERT INTO person(first_name, age) VALUES(:first_name, :age) with parameters: {id=null, first_name=Zeljko, age=35}
2016-03-16 10:06:44,573 DEBUG [main] r.b.Transaction [Transaction.java:136] sql insert: INSERT INTO person(first_name, age) VALUES(:first_name, :age) with parameters: {id=null, first_name=Zeljko, age=35}
2016-03-16 10:06:44,575 DEBUG [main] r.b.Transaction [Transaction.java:136] sql insert: INSERT INTO person(first_name, age) VALUES(:first_name, :age) with parameters: {id=null, first_name=Zeljko, age=35}
2016-03-16 10:07:46,670 DEBUG [main] r.b.Transaction [Transaction.java:136] sql insert: INSERT INTO person(first_name, age) VALUES(:first_name, :age) with parameters: {id=null, first_name=Zeljko, age=35}
2016-03-16 10:07:46,674 DEBUG [main] r.b.Transaction [Transaction.java:136] sql insert: INSERT INTO person(first_name, age) VALUES(:first_name, :age) with parameters: {id=null, first_name=Zeljko, age=35}
2016-03-16 10:07:46,676 DEBUG [main] r.b.Transaction [Transaction.java:136] sql insert: INSERT INTO person(first_name, age) VALUES(:first_name, :age) with parameters: {id=null, first_name=Zeljko, age=35}
2016-03-16 10:08:39,453 DEBUG [main] r.b.Transaction [Transaction.java:136] sql insert: INSERT INTO person(first_name, age) VALUES(:first_name, :age) with parameters: {id=null, first_name=Zeljko, age=35}
2016-03-16 10:08:39,471 DEBUG [main] r.b.Transaction [Transaction.java:136] sql insert: INSERT INTO person(first_name, age) VALUES(:first_name, :age) with parameters: {id=null, first_name=Zeljko, age=35}
2016-03-16 10:08:39,480 DEBUG [main] r.b.Transaction [Transaction.java:136] sql insert: INSERT INTO person(first_name, age) VALUES(:first_name, :age) with parameters: {id=null, first_name=Zeljko, age=35}
2016-03-16 10:08:39,483 DEBUG [main] r.b.Transaction [Transaction.java:136] sql insert: INSERT INTO person(first_name, age) VALUES(:first_name, :age) with parameters: {id=null, first_name=Zeljko, age=35}
2016-03-16 10:08:39,485 DEBUG [main] r.b.Transaction [Transaction.java:136] sql insert: INSERT INTO person(first_name, age) VALUES(:first_name, :age) with parameters: {id=null, first_name=Zeljko, age=35}
2016-03-16 10:08:39,494 DEBUG [main] r.b.Transaction [Transaction.java:136] sql insert: INSERT INTO person(first_name, age) VALUES(:first_name, :age) with parameters: {id=null, first_name=Zeljko, age=35}
2016-03-16 10:08:39,499 DEBUG [main] r.b.Transaction [Transaction.java:136] sql insert: INSERT INTO person(first_name, age) VALUES(:first_name, :age) with parameters: {id=null, first_name=Zeljko, age=35}
2016-03-16 10:08:39,503 DEBUG [main] r.b.Transaction [Transaction.java:136] sql insert: INSERT INTO person(first_name, age) VALUES(:first_name, :age) with parameters: {id=null, first_name=Zeljko2, age=36}
2016-03-16 10:08:39,509 DEBUG [main] r.b.Transaction [Transaction.java:136] sql insert: INSERT INTO person(first_name, age) VALUES(:first_name, :age) with parameters: {id=null, first_name=Zeljko, age=35}
2016-03-16 10:08:39,591 DEBUG [main] r.b.Transaction [Transaction.java:136] sql insert: INSERT INTO female(first_name, age) VALUES(:first_name, :age) with parameters: {id=null, first_name=F, age=35}
2016-03-16 10:08:39,595 DEBUG [main] r.b.Transaction [Transaction.java:136] sql insert: INSERT INTO male(female_id, first_name, age) VALUES(:female_id, :first_name, :age) with parameters: {female_id=49, id=null, first_name=Zeljko, age=35}
2016-03-16 10:15:51,268 DEBUG [main] r.b.Transaction [Transaction.java:136] sql insert: INSERT INTO person(first_name, age) VALUES(:first_name, :age) with parameters: {id=null, first_name=Zeljko, age=35}
2016-03-16 10:15:51,285 DEBUG [main] r.b.Transaction [Transaction.java:136] sql insert: INSERT INTO person(first_name, age) VALUES(:first_name, :age) with parameters: {id=null, first_name=Zeljko, age=35}
2016-03-16 10:15:51,295 DEBUG [main] r.b.Transaction [Transaction.java:136] sql insert: INSERT INTO person(first_name, age) VALUES(:first_name, :age) with parameters: {id=null, first_name=Zeljko, age=35}
2016-03-16 10:15:51,297 DEBUG [main] r.b.Transaction [Transaction.java:136] sql insert: INSERT INTO person(first_name, age) VALUES(:first_name, :age) with parameters: {id=null, first_name=Zeljko, age=35}
2016-03-16 10:15:51,299 DEBUG [main] r.b.Transaction [Transaction.java:136] sql insert: INSERT INTO person(first_name, age) VALUES(:first_name, :age) with parameters: {id=null, first_name=Zeljko, age=35}
2016-03-16 10:15:51,308 DEBUG [main] r.b.Transaction [Transaction.java:136] sql insert: INSERT INTO person(first_name, age) VALUES(:first_name, :age) with parameters: {id=null, first_name=Zeljko, age=35}
2016-03-16 10:15:51,313 DEBUG [main] r.b.Transaction [Transaction.java:136] sql insert: INSERT INTO person(first_name, age) VALUES(:first_name, :age) with parameters: {id=null, first_name=Zeljko, age=35}
2016-03-16 10:15:51,318 DEBUG [main] r.b.Transaction [Transaction.java:136] sql insert: INSERT INTO person(first_name, age) VALUES(:first_name, :age) with parameters: {id=null, first_name=Zeljko2, age=36}
2016-03-16 10:15:51,322 DEBUG [main] r.b.Transaction [Transaction.java:136] sql insert: INSERT INTO person(first_name, age) VALUES(:first_name, :age) with parameters: {id=null, first_name=Zeljko, age=35}
2016-03-16 10:15:51,404 DEBUG [main] r.b.Transaction [Transaction.java:136] sql insert: INSERT INTO female(first_name, age) VALUES(:first_name, :age) with parameters: {id=null, first_name=F, age=35}
2016-03-16 10:15:51,409 DEBUG [main] r.b.Transaction [Transaction.java:136] sql insert: INSERT INTO male(female_id, first_name, age) VALUES(:female_id, :first_name, :age) with parameters: {female_id=50, id=null, first_name=Zeljko, age=35}
2016-03-16 10:16:21,084 DEBUG [main] r.b.Transaction [Transaction.java:136] sql insert: INSERT INTO person(first_name, age) VALUES(:first_name, :age) with parameters: {id=null, first_name=Zeljko, age=35}
2016-03-16 10:16:51,785 DEBUG [main] r.b.Transaction [Transaction.java:136] sql insert: INSERT INTO person(first_name, age) VALUES(:first_name, :age) with parameters: {id=null, first_name=Zeljko, age=35}
2016-03-16 10:17:32,429 DEBUG [main] r.b.Transaction [Transaction.java:136] sql insert: INSERT INTO person(first_name, age) VALUES(:first_name, :age) with parameters: {id=null, first_name=Zeljko, age=35}
2016-03-16 10:17:32,446 DEBUG [main] r.b.Transaction [Transaction.java:136] sql insert: INSERT INTO person(first_name, age) VALUES(:first_name, :age) with parameters: {id=null, first_name=Zeljko, age=35}
2016-03-16 10:17:32,453 DEBUG [main] r.b.Transaction [Transaction.java:136] sql insert: INSERT INTO person(first_name, age) VALUES(:first_name, :age) with parameters: {id=null, first_name=Zeljko, age=35}
2016-03-16 10:17:32,456 DEBUG [main] r.b.Transaction [Transaction.java:136] sql insert: INSERT INTO person(first_name, age) VALUES(:first_name, :age) with parameters: {id=null, first_name=Zeljko, age=35}
2016-03-16 10:17:32,458 DEBUG [main] r.b.Transaction [Transaction.java:136] sql insert: INSERT INTO person(first_name, age) VALUES(:first_name, :age) with parameters: {id=null, first_name=Zeljko, age=35}
2016-03-16 10:17:32,465 DEBUG [main] r.b.Transaction [Transaction.java:136] sql insert: INSERT INTO person(first_name, age) VALUES(:first_name, :age) with parameters: {id=null, first_name=Zeljko, age=35}
2016-03-16 10:17:32,470 DEBUG [main] r.b.Transaction [Transaction.java:136] sql insert: INSERT INTO person(first_name, age) VALUES(:first_name, :age) with parameters: {id=null, first_name=Zeljko, age=35}
2016-03-16 10:17:32,474 DEBUG [main] r.b.Transaction [Transaction.java:136] sql insert: INSERT INTO person(first_name, age) VALUES(:first_name, :age) with parameters: {id=null, first_name=Zeljko2, age=36}
2016-03-16 10:17:32,479 DEBUG [main] r.b.Transaction [Transaction.java:136] sql insert: INSERT INTO person(first_name, age) VALUES(:first_name, :age) with parameters: {id=null, first_name=Zeljko, age=35}
2016-03-16 10:17:32,561 DEBUG [main] r.b.Transaction [Transaction.java:136] sql insert: INSERT INTO female(first_name, age) VALUES(:first_name, :age) with parameters: {id=null, first_name=F, age=35}
2016-03-16 10:17:32,565 DEBUG [main] r.b.Transaction [Transaction.java:136] sql insert: INSERT INTO male(female_id, first_name, age) VALUES(:female_id, :first_name, :age) with parameters: {female_id=51, id=null, first_name=Zeljko, age=35}
2016-03-16 10:18:25,317 DEBUG [main] r.b.Transaction [Transaction.java:136] sql insert: INSERT INTO person(first_name, age) VALUES(:first_name, :age) with parameters: {id=null, first_name=Zeljko, age=35}
2016-03-16 10:18:25,334 DEBUG [main] r.b.Transaction [Transaction.java:136] sql insert: INSERT INTO person(first_name, age) VALUES(:first_name, :age) with parameters: {id=null, first_name=Zeljko, age=35}
2016-03-16 10:18:25,346 DEBUG [main] r.b.Transaction [Transaction.java:136] sql insert: INSERT INTO person(first_name, age) VALUES(:first_name, :age) with parameters: {id=null, first_name=Zeljko, age=35}
2016-03-16 10:18:25,349 DEBUG [main] r.b.Transaction [Transaction.java:136] sql insert: INSERT INTO person(first_name, age) VALUES(:first_name, :age) with parameters: {id=null, first_name=Zeljko, age=35}
2016-03-16 10:18:25,351 DEBUG [main] r.b.Transaction [Transaction.java:136] sql insert: INSERT INTO person(first_name, age) VALUES(:first_name, :age) with parameters: {id=null, first_name=Zeljko, age=35}
2016-03-16 10:18:25,359 DEBUG [main] r.b.Transaction [Transaction.java:136] sql insert: INSERT INTO person(first_name, age) VALUES(:first_name, :age) with parameters: {id=null, first_name=Zeljko, age=35}
2016-03-16 10:18:25,364 DEBUG [main] r.b.Transaction [Transaction.java:136] sql insert: INSERT INTO person(first_name, age) VALUES(:first_name, :age) with parameters: {id=null, first_name=Zeljko, age=35}
2016-03-16 10:18:25,368 DEBUG [main] r.b.Transaction [Transaction.java:136] sql insert: INSERT INTO person(first_name, age) VALUES(:first_name, :age) with parameters: {id=null, first_name=Zeljko2, age=36}
2016-03-16 10:18:25,372 DEBUG [main] r.b.Transaction [Transaction.java:136] sql insert: INSERT INTO person(first_name, age) VALUES(:first_name, :age) with parameters: {id=null, first_name=Zeljko, age=35}
2016-03-16 10:18:25,455 DEBUG [main] r.b.Transaction [Transaction.java:136] sql insert: INSERT INTO female(first_name, age) VALUES(:first_name, :age) with parameters: {id=null, first_name=F, age=35}
2016-03-16 10:18:25,458 DEBUG [main] r.b.Transaction [Transaction.java:136] sql insert: INSERT INTO male(female_id, first_name, age) VALUES(:female_id, :first_name, :age) with parameters: {female_id=52, id=null, first_name=Zeljko, age=35}
2016-03-16 10:18:52,745 DEBUG [main] r.b.Transaction [Transaction.java:136] sql insert: INSERT INTO person(first_name, age) VALUES(:first_name, :age) with parameters: {id=null, first_name=Zeljko, age=35}
2016-03-16 10:18:52,763 DEBUG [main] r.b.Transaction [Transaction.java:136] sql insert: INSERT INTO person(first_name, age) VALUES(:first_name, :age) with parameters: {id=null, first_name=Zeljko, age=35}
2016-03-16 10:18:52,770 DEBUG [main] r.b.Transaction [Transaction.java:136] sql insert: INSERT INTO person(first_name, age) VALUES(:first_name, :age) with parameters: {id=null, first_name=Zeljko, age=35}
2016-03-16 10:18:52,773 DEBUG [main] r.b.Transaction [Transaction.java:136] sql insert: INSERT INTO person(first_name, age) VALUES(:first_name, :age) with parameters: {id=null, first_name=Zeljko, age=35}
2016-03-16 10:18:52,775 DEBUG [main] r.b.Transaction [Transaction.java:136] sql insert: INSERT INTO person(first_name, age) VALUES(:first_name, :age) with parameters: {id=null, first_name=Zeljko, age=35}
2016-03-16 10:18:52,783 DEBUG [main] r.b.Transaction [Transaction.java:136] sql insert: INSERT INTO person(first_name, age) VALUES(:first_name, :age) with parameters: {id=null, first_name=Zeljko, age=35}
2016-03-16 10:18:52,787 DEBUG [main] r.b.Transaction [Transaction.java:136] sql insert: INSERT INTO person(first_name, age) VALUES(:first_name, :age) with parameters: {id=null, first_name=Zeljko, age=35}
2016-03-16 10:18:52,791 DEBUG [main] r.b.Transaction [Transaction.java:136] sql insert: INSERT INTO person(first_name, age) VALUES(:first_name, :age) with parameters: {id=null, first_name=Zeljko2, age=36}
2016-03-16 10:18:52,796 DEBUG [main] r.b.Transaction [Transaction.java:136] sql insert: INSERT INTO person(first_name, age) VALUES(:first_name, :age) with parameters: {id=null, first_name=Zeljko, age=35}
2016-03-16 10:18:52,878 DEBUG [main] r.b.Transaction [Transaction.java:136] sql insert: INSERT INTO female(first_name, age) VALUES(:first_name, :age) with parameters: {id=null, first_name=F, age=35}
2016-03-16 10:18:52,882 DEBUG [main] r.b.Transaction [Transaction.java:136] sql insert: INSERT INTO male(female_id, first_name, age) VALUES(:female_id, :first_name, :age) with parameters: {female_id=53, id=null, first_name=Zeljko, age=35}
2016-03-16 10:19:05,790 DEBUG [main] r.b.Transaction [Transaction.java:136] sql insert: INSERT INTO female(first_name, age) VALUES(:first_name, :age) with parameters: {id=null, first_name=F, age=35}
2016-03-16 10:19:05,798 DEBUG [main] r.b.Transaction [Transaction.java:136] sql insert: INSERT INTO male(female_id, first_name, age) VALUES(:female_id, :first_name, :age) with parameters: {female_id=54, id=null, first_name=Zeljko, age=35}
2016-03-16 10:20:59,719 DEBUG [main] r.b.Transaction [Transaction.java:136] sql insert: INSERT INTO female(first_name, age) VALUES(:first_name, :age) with parameters: {id=null, first_name=F, age=35}
2016-03-16 10:20:59,725 DEBUG [main] r.b.Transaction [Transaction.java:136] sql insert: INSERT INTO male(female_id, first_name, age) VALUES(:female_id, :first_name, :age) with parameters: {female_id=55, id=null, first_name=Zeljko, age=35}
2016-03-16 10:21:56,192 DEBUG [main] r.b.Transaction [Transaction.java:136] sql insert: INSERT INTO female(first_name, age) VALUES(:first_name, :age) with parameters: {id=null, first_name=F, age=35}
2016-03-16 10:21:56,199 DEBUG [main] r.b.Transaction [Transaction.java:136] sql insert: INSERT INTO male(female_id, first_name, age) VALUES(:female_id, :first_name, :age) with parameters: {female_id=56, id=null, first_name=Zeljko, age=35}
2016-03-16 10:23:18,438 DEBUG [main] r.b.Transaction [Transaction.java:136] sql insert: INSERT INTO person(first_name, age) VALUES(:first_name, :age) with parameters: {id=null, first_name=Zeljko, age=35}
2016-03-16 10:23:18,456 DEBUG [main] r.b.Transaction [Transaction.java:136] sql insert: INSERT INTO person(first_name, age) VALUES(:first_name, :age) with parameters: {id=null, first_name=Zeljko, age=35}
2016-03-16 10:23:18,463 DEBUG [main] r.b.Transaction [Transaction.java:136] sql insert: INSERT INTO person(first_name, age) VALUES(:first_name, :age) with parameters: {id=null, first_name=Zeljko, age=35}
2016-03-16 10:23:18,466 DEBUG [main] r.b.Transaction [Transaction.java:136] sql insert: INSERT INTO person(first_name, age) VALUES(:first_name, :age) with parameters: {id=null, first_name=Zeljko, age=35}
2016-03-16 10:23:18,468 DEBUG [main] r.b.Transaction [Transaction.java:136] sql insert: INSERT INTO person(first_name, age) VALUES(:first_name, :age) with parameters: {id=null, first_name=Zeljko, age=35}
2016-03-16 10:23:18,477 DEBUG [main] r.b.Transaction [Transaction.java:136] sql insert: INSERT INTO person(first_name, age) VALUES(:first_name, :age) with parameters: {id=null, first_name=Zeljko, age=35}
2016-03-16 10:23:18,482 DEBUG [main] r.b.Transaction [Transaction.java:136] sql insert: INSERT INTO person(first_name, age) VALUES(:first_name, :age) with parameters: {id=null, first_name=Zeljko, age=35}
2016-03-16 10:23:18,487 DEBUG [main] r.b.Transaction [Transaction.java:136] sql insert: INSERT INTO person(first_name, age) VALUES(:first_name, :age) with parameters: {id=null, first_name=Zeljko2, age=36}
2016-03-16 10:23:18,492 DEBUG [main] r.b.Transaction [Transaction.java:136] sql insert: INSERT INTO person(first_name, age) VALUES(:first_name, :age) with parameters: {id=null, first_name=Zeljko, age=35}
2016-03-16 10:23:18,577 DEBUG [main] r.b.Transaction [Transaction.java:136] sql insert: INSERT INTO female(first_name, age) VALUES(:first_name, :age) with parameters: {id=null, first_name=F, age=35}
2016-03-16 10:23:18,581 DEBUG [main] r.b.Transaction [Transaction.java:136] sql insert: INSERT INTO male(female_id, first_name, age) VALUES(:female_id, :first_name, :age) with parameters: {female_id=57, id=null, first_name=Zeljko, age=35}
2016-03-16 10:23:42,476 DEBUG [main] r.b.Transaction [Transaction.java:136] sql insert: INSERT INTO person(first_name, age) VALUES(:first_name, :age) with parameters: {id=null, first_name=Zeljko, age=35}
2016-03-16 10:23:42,495 DEBUG [main] r.b.Transaction [Transaction.java:136] sql insert: INSERT INTO person(first_name, age) VALUES(:first_name, :age) with parameters: {id=null, first_name=Zeljko, age=35}
2016-03-16 10:23:42,503 DEBUG [main] r.b.Transaction [Transaction.java:136] sql insert: INSERT INTO person(first_name, age) VALUES(:first_name, :age) with parameters: {id=null, first_name=Zeljko, age=35}
2016-03-16 10:23:42,506 DEBUG [main] r.b.Transaction [Transaction.java:136] sql insert: INSERT INTO person(first_name, age) VALUES(:first_name, :age) with parameters: {id=null, first_name=Zeljko, age=35}
2016-03-16 10:23:42,508 DEBUG [main] r.b.Transaction [Transaction.java:136] sql insert: INSERT INTO person(first_name, age) VALUES(:first_name, :age) with parameters: {id=null, first_name=Zeljko, age=35}
2016-03-16 10:23:42,516 DEBUG [main] r.b.Transaction [Transaction.java:136] sql insert: INSERT INTO person(first_name, age) VALUES(:first_name, :age) with parameters: {id=null, first_name=Zeljko, age=35}
2016-03-16 10:23:42,520 DEBUG [main] r.b.Transaction [Transaction.java:136] sql insert: INSERT INTO person(first_name, age) VALUES(:first_name, :age) with parameters: {id=null, first_name=Zeljko, age=35}
2016-03-16 10:23:42,524 DEBUG [main] r.b.Transaction [Transaction.java:136] sql insert: INSERT INTO person(first_name, age) VALUES(:first_name, :age) with parameters: {id=null, first_name=Zeljko2, age=36}
2016-03-16 10:23:42,529 DEBUG [main] r.b.Transaction [Transaction.java:136] sql insert: INSERT INTO person(first_name, age) VALUES(:first_name, :age) with parameters: {id=null, first_name=Zeljko, age=35}
2016-03-16 10:23:42,618 DEBUG [main] r.b.Transaction [Transaction.java:136] sql insert: INSERT INTO female(first_name, age) VALUES(:first_name, :age) with parameters: {id=null, first_name=F, age=35}
2016-03-16 10:23:42,621 DEBUG [main] r.b.Transaction [Transaction.java:136] sql insert: INSERT INTO male(female_id, first_name, age) VALUES(:female_id, :first_name, :age) with parameters: {female_id=58, id=null, first_name=Zeljko, age=35}
2016-03-16 11:09:08,285 ERROR [main] r.b.m.AnnotationBasedMetadataExtractor [AnnotationBasedMetadataExtractor.java:81] class class rs.bignumbers.relations.model.House doesn't containt @Entity annotation
2016-03-16 11:09:08,288 ERROR [main] r.b.m.AnnotationBasedMetadataExtractor [AnnotationBasedMetadataExtractor.java:81] class class rs.bignumbers.relations.model.Window doesn't containt @Entity annotation
2016-03-16 11:30:56,795 DEBUG [main] r.b.Transaction [Transaction.java:138] sql insert: INSERT INTO house(door_id, address_id, house_no) VALUES(:door_id, :address_id, :house_no) with parameters: {door_id=null, address_id=null, house_no=220/11, id=null}
2016-03-16 11:30:56,802 DEBUG [main] r.b.Transaction [Transaction.java:138] sql insert: INSERT INTO window(house_id, size) VALUES(:house_id, :size) with parameters: {house_id=1, size=small, id=null}
2016-03-16 11:30:56,805 DEBUG [main] r.b.Transaction [Transaction.java:138] sql insert: INSERT INTO window(house_id, size) VALUES(:house_id, :size) with parameters: {house_id=1, size=large, id=null}
2016-03-16 11:31:19,756 DEBUG [main] r.b.Transaction [Transaction.java:138] sql insert: INSERT INTO house(door_id, address_id, house_no) VALUES(:door_id, :address_id, :house_no) with parameters: {door_id=null, address_id=null, house_no=220/11, id=null}
2016-03-16 11:31:19,762 DEBUG [main] r.b.Transaction [Transaction.java:138] sql insert: INSERT INTO window(house_id, size) VALUES(:house_id, :size) with parameters: {house_id=2, size=small, id=null}
2016-03-16 11:31:19,764 DEBUG [main] r.b.Transaction [Transaction.java:138] sql insert: INSERT INTO window(house_id, size) VALUES(:house_id, :size) with parameters: {house_id=2, size=large, id=null}
2016-03-16 11:40:54,970 DEBUG [main] r.b.Transaction [Transaction.java:138] sql insert: INSERT INTO house(door_id, address_id, house_no) VALUES(:door_id, :address_id, :house_no) with parameters: {door_id=null, address_id=null, house_no=220/11, id=null}
2016-03-16 11:40:54,977 DEBUG [main] r.b.Transaction [Transaction.java:138] sql insert: INSERT INTO window(house_id, size) VALUES(:house_id, :size) with parameters: {house_id=3, size=small, id=null}
2016-03-16 11:40:54,979 DEBUG [main] r.b.Transaction [Transaction.java:138] sql insert: INSERT INTO window(house_id, size) VALUES(:house_id, :size) with parameters: {house_id=3, size=large, id=null}
2016-03-16 11:41:50,739 DEBUG [main] r.b.Transaction [Transaction.java:138] sql insert: INSERT INTO house(door_id, address_id, house_no) VALUES(:door_id, :address_id, :house_no) with parameters: {door_id=null, address_id=null, house_no=220/11, id=null}
2016-03-16 11:41:50,745 DEBUG [main] r.b.Transaction [Transaction.java:138] sql insert: INSERT INTO window(house_id, size) VALUES(:house_id, :size) with parameters: {house_id=4, size=small, id=null}
2016-03-16 11:41:50,748 DEBUG [main] r.b.Transaction [Transaction.java:138] sql insert: INSERT INTO window(house_id, size) VALUES(:house_id, :size) with parameters: {house_id=4, size=large, id=null}
2016-03-16 11:51:02,246 DEBUG [main] r.b.Transaction [Transaction.java:138] sql insert: INSERT INTO house(door_id, address_id, house_no) VALUES(:door_id, :address_id, :house_no) with parameters: {door_id=null, address_id=null, house_no=220/11, id=null}
2016-03-16 11:51:02,252 DEBUG [main] r.b.Transaction [Transaction.java:138] sql insert: INSERT INTO window(house_id, size) VALUES(:house_id, :size) with parameters: {house_id=5, size=small, id=null}
2016-03-16 11:51:02,255 DEBUG [main] r.b.Transaction [Transaction.java:138] sql insert: INSERT INTO window(house_id, size) VALUES(:house_id, :size) with parameters: {house_id=5, size=large, id=null}
2016-03-16 11:51:23,481 DEBUG [main] r.b.Transaction [Transaction.java:138] sql insert: INSERT INTO house(door_id, address_id, house_no) VALUES(:door_id, :address_id, :house_no) with parameters: {door_id=null, address_id=null, house_no=220/11, id=null}
2016-03-16 11:51:23,487 DEBUG [main] r.b.Transaction [Transaction.java:138] sql insert: INSERT INTO window(house_id, size) VALUES(:house_id, :size) with parameters: {house_id=6, size=small, id=null}
2016-03-16 11:51:23,490 DEBUG [main] r.b.Transaction [Transaction.java:138] sql insert: INSERT INTO window(house_id, size) VALUES(:house_id, :size) with parameters: {house_id=6, size=large, id=null}
2016-03-16 11:53:08,388 DEBUG [main] r.b.Transaction [Transaction.java:138] sql insert: INSERT INTO house(door_id, address_id, house_no) VALUES(:door_id, :address_id, :house_no) with parameters: {door_id=null, address_id=null, house_no=220/11, id=null}
2016-03-16 11:53:08,398 DEBUG [main] r.b.Transaction [Transaction.java:138] sql insert: INSERT INTO window(house_id, size) VALUES(:house_id, :size) with parameters: {house_id=7, size=small, id=null}
2016-03-16 11:53:08,401 DEBUG [main] r.b.Transaction [Transaction.java:138] sql insert: INSERT INTO window(house_id, size) VALUES(:house_id, :size) with parameters: {house_id=7, size=large, id=null}
2016-03-16 12:49:09,919 ERROR [main] r.b.Configuration [Configuration.java:40] Entity metadata can't be found fot the class class rs.bignumbers.relations.model.Owner
2016-03-16 12:53:37,089 DEBUG [main] r.b.Transaction [Transaction.java:155] sql insert: INSERT INTO owner() VALUES() with parameters: {}
2016-03-16 12:53:37,120 DEBUG [main] r.b.Transaction [Transaction.java:155] sql insert: INSERT INTO owner() VALUES() with parameters: {}
2016-03-16 12:53:37,135 DEBUG [main] r.b.Transaction [Transaction.java:155] sql insert: INSERT INTO house(door_id, address_id, house_no) VALUES(:door_id, :address_id, :house_no) with parameters: {door_id=null, address_id=null, house_no=220/11, id=null}
2016-03-16 12:59:23,382 DEBUG [main] r.b.Transaction [Transaction.java:155] sql insert: INSERT INTO owner(amount) VALUES(:amount) with parameters: {amount=80.0, id=null}
2016-03-16 12:59:23,387 DEBUG [main] r.b.Transaction [Transaction.java:155] sql insert: INSERT INTO owner(amount) VALUES(:amount) with parameters: {amount=20.0, id=null}
2016-03-16 13:00:44,307 DEBUG [main] r.b.Transaction [Transaction.java:155] sql insert: INSERT INTO owner(amount) VALUES(:amount) with parameters: {amount=80.0, id=null}
2016-03-16 13:00:44,312 DEBUG [main] r.b.Transaction [Transaction.java:155] sql insert: INSERT INTO owner(amount) VALUES(:amount) with parameters: {amount=20.0, id=null}
2016-03-16 13:01:48,407 DEBUG [main] r.b.Transaction [Transaction.java:155] sql insert: INSERT INTO owner(amount) VALUES(:amount) with parameters: {amount=80.0, id=null}
2016-03-16 13:01:48,411 DEBUG [main] r.b.Transaction [Transaction.java:155] sql insert: INSERT INTO owner(amount) VALUES(:amount) with parameters: {amount=20.0, id=null}
2016-03-16 13:03:54,120 DEBUG [main] r.b.Transaction [Transaction.java:155] sql insert: INSERT INTO owner(amount) VALUES(:amount) with parameters: {amount=80.0, id=null}
2016-03-16 13:03:54,124 DEBUG [main] r.b.Transaction [Transaction.java:155] sql insert: INSERT INTO owner(amount) VALUES(:amount) with parameters: {amount=20.0, id=null}
2016-03-16 13:05:41,194 DEBUG [main] r.b.Transaction [Transaction.java:155] sql insert: INSERT INTO owner(amount) VALUES(:amount) with parameters: {amount=80.0, id=null}
2016-03-16 13:05:44,015 DEBUG [main] r.b.Transaction [Transaction.java:155] sql insert: INSERT INTO owner(amount) VALUES(:amount) with parameters: {amount=20.0, id=null}
2016-03-16 15:04:12,468 DEBUG [main] r.b.Transaction [Transaction.java:139] sql insert: INSERT INTO owner(amount) VALUES(:amount) with parameters: {amount=80.0, id=null}
2016-03-16 15:04:12,473 DEBUG [main] r.b.Transaction [Transaction.java:139] sql insert: INSERT INTO owner(amount) VALUES(:amount) with parameters: {amount=20.0, id=null}
2016-03-16 15:08:37,081 DEBUG [main] r.b.Transaction [Transaction.java:141] sql insert: INSERT INTO owner(amount) VALUES(:amount) with parameters: {amount=80.0, id=null}
2016-03-16 15:08:37,086 DEBUG [main] r.b.Transaction [Transaction.java:141] sql insert: INSERT INTO owner(amount) VALUES(:amount) with parameters: {amount=20.0, id=null}
2016-03-16 15:08:37,103 DEBUG [main] r.b.Transaction [Transaction.java:141] sql insert: INSERT INTO house(door_id, address_id, house_no) VALUES(:door_id, :address_id, :house_no) with parameters: {door_id=null, address_id=null, house_no=220/11, id=null}
2016-03-16 15:09:27,563 DEBUG [main] r.b.Transaction [Transaction.java:142] sql insert: INSERT INTO owner(amount) VALUES(:amount) with parameters: {amount=80.0, id=null}
2016-03-16 15:09:27,569 DEBUG [main] r.b.Transaction [Transaction.java:142] sql insert: INSERT INTO owner(amount) VALUES(:amount) with parameters: {amount=20.0, id=null}
2016-03-16 15:09:27,585 DEBUG [main] r.b.Transaction [Transaction.java:142] sql insert: INSERT INTO house(door_id, address_id, house_no) VALUES(:door_id, :address_id, :house_no) with parameters: {door_id=null, address_id=null, house_no=220/11, id=null}
2016-03-16 15:09:29,815 ERROR [main] r.b.Configuration [Configuration.java:40] Entity metadata can't be found fot the class interface java.util.List. Please check if you set the appropriate annotation or if you register class as an entity
2016-03-16 15:11:21,965 DEBUG [main] r.b.Transaction [Transaction.java:142] sql insert: INSERT INTO owner(amount) VALUES(:amount) with parameters: {amount=80.0, id=null}
2016-03-16 15:11:21,970 DEBUG [main] r.b.Transaction [Transaction.java:142] sql insert: INSERT INTO owner(amount) VALUES(:amount) with parameters: {amount=20.0, id=null}
2016-03-16 15:11:21,988 DEBUG [main] r.b.Transaction [Transaction.java:142] sql insert: INSERT INTO house(door_id, address_id, house_no) VALUES(:door_id, :address_id, :house_no) with parameters: {door_id=null, address_id=null, house_no=220/11, id=null}
2016-03-16 15:11:24,623 ERROR [main] r.b.Configuration [Configuration.java:40] Entity metadata can't be found fot the class interface java.util.List. Please check if you set the appropriate annotation or if you register class as an entity
2016-03-16 15:11:50,970 DEBUG [main] r.b.Transaction [Transaction.java:142] sql insert: INSERT INTO owner(amount) VALUES(:amount) with parameters: {amount=80.0, id=null}
2016-03-16 15:11:50,975 DEBUG [main] r.b.Transaction [Transaction.java:142] sql insert: INSERT INTO owner(amount) VALUES(:amount) with parameters: {amount=20.0, id=null}
2016-03-16 15:11:50,988 DEBUG [main] r.b.Transaction [Transaction.java:142] sql insert: INSERT INTO house(door_id, address_id, house_no) VALUES(:door_id, :address_id, :house_no) with parameters: {door_id=null, address_id=null, house_no=220/11, id=null}
2016-03-16 15:13:11,989 DEBUG [main] r.b.Transaction [Transaction.java:142] sql insert: INSERT INTO owner(amount) VALUES(:amount) with parameters: {amount=80.0, id=null}
2016-03-16 15:13:11,995 DEBUG [main] r.b.Transaction [Transaction.java:142] sql insert: INSERT INTO owner(amount) VALUES(:amount) with parameters: {amount=20.0, id=null}
2016-03-16 15:13:12,011 DEBUG [main] r.b.Transaction [Transaction.java:142] sql insert: INSERT INTO house(door_id, address_id, house_no) VALUES(:door_id, :address_id, :house_no) with parameters: {door_id=null, address_id=null, house_no=220/11, id=null}
2016-03-16 15:20:04,097 DEBUG [main] r.b.Transaction [Transaction.java:142] sql insert: INSERT INTO owner(amount) VALUES(:amount) with parameters: {amount=80.0, id=null}
2016-03-16 15:20:04,102 DEBUG [main] r.b.Transaction [Transaction.java:142] sql insert: INSERT INTO owner(amount) VALUES(:amount) with parameters: {amount=20.0, id=null}
2016-03-16 15:20:04,116 DEBUG [main] r.b.Transaction [Transaction.java:142] sql insert: INSERT INTO house(door_id, address_id, house_no) VALUES(:door_id, :address_id, :house_no) with parameters: {door_id=null, address_id=null, house_no=220/11, id=null}
2016-03-16 15:20:54,335 DEBUG [main] r.b.Transaction [Transaction.java:142] sql insert: INSERT INTO owner(amount) VALUES(:amount) with parameters: {amount=80.0, id=null}
2016-03-16 15:20:54,340 DEBUG [main] r.b.Transaction [Transaction.java:142] sql insert: INSERT INTO owner(amount) VALUES(:amount) with parameters: {amount=20.0, id=null}
2016-03-16 15:20:54,353 DEBUG [main] r.b.Transaction [Transaction.java:142] sql insert: INSERT INTO house(door_id, address_id, house_no) VALUES(:door_id, :address_id, :house_no) with parameters: {door_id=null, address_id=null, house_no=220/11, id=null}
2016-03-16 15:22:26,191 DEBUG [main] r.b.Transaction [Transaction.java:142] sql insert: INSERT INTO owner(amount) VALUES(:amount) with parameters: {amount=80.0, id=null}
2016-03-16 15:22:26,196 DEBUG [main] r.b.Transaction [Transaction.java:142] sql insert: INSERT INTO owner(amount) VALUES(:amount) with parameters: {amount=20.0, id=null}
2016-03-16 15:22:26,211 DEBUG [main] r.b.Transaction [Transaction.java:142] sql insert: INSERT INTO house(door_id, address_id, house_no) VALUES(:door_id, :address_id, :house_no) with parameters: {door_id=null, address_id=null, house_no=220/11, id=null}
2016-03-16 15:22:26,375 DEBUG [main] r.b.Transaction [Transaction.java:142] sql insert: INSERT INTO female(first_name, age) VALUES(:first_name, :age) with parameters: {id=null, first_name=F, age=35}
2016-03-16 15:22:26,379 DEBUG [main] r.b.Transaction [Transaction.java:142] sql insert: INSERT INTO male(female_id, first_name, age) VALUES(:female_id, :first_name, :age) with parameters: {female_id=59, id=null, first_name=Zeljko, age=35}
2016-03-16 15:22:26,434 DEBUG [main] r.b.Transaction [Transaction.java:142] sql insert: INSERT INTO house(door_id, address_id, house_no) VALUES(:door_id, :address_id, :house_no) with parameters: {door_id=null, address_id=null, house_no=220/11, id=null}
2016-03-16 15:22:26,437 DEBUG [main] r.b.Transaction [Transaction.java:142] sql insert: INSERT INTO window(house_id, size) VALUES(:house_id, :size) with parameters: {house_id=17, size=small, id=null}
2016-03-16 15:22:26,440 DEBUG [main] r.b.Transaction [Transaction.java:142] sql insert: INSERT INTO window(house_id, size) VALUES(:house_id, :size) with parameters: {house_id=17, size=large, id=null}
2016-03-16 15:22:36,458 DEBUG [main] r.b.Transaction [Transaction.java:142] sql insert: INSERT INTO owner(amount) VALUES(:amount) with parameters: {amount=80.0, id=null}
2016-03-16 15:22:36,462 DEBUG [main] r.b.Transaction [Transaction.java:142] sql insert: INSERT INTO owner(amount) VALUES(:amount) with parameters: {amount=20.0, id=null}
2016-03-16 15:22:36,476 DEBUG [main] r.b.Transaction [Transaction.java:142] sql insert: INSERT INTO house(door_id, address_id, house_no) VALUES(:door_id, :address_id, :house_no) with parameters: {door_id=null, address_id=null, house_no=220/11, id=null}
2016-03-16 15:22:36,614 DEBUG [main] r.b.Transaction [Transaction.java:142] sql insert: INSERT INTO female(first_name, age) VALUES(:first_name, :age) with parameters: {id=null, first_name=F, age=35}
2016-03-16 15:22:36,618 DEBUG [main] r.b.Transaction [Transaction.java:142] sql insert: INSERT INTO male(female_id, first_name, age) VALUES(:female_id, :first_name, :age) with parameters: {female_id=60, id=null, first_name=Zeljko, age=35}
2016-03-16 15:22:36,663 DEBUG [main] r.b.Transaction [Transaction.java:142] sql insert: INSERT INTO house(door_id, address_id, house_no) VALUES(:door_id, :address_id, :house_no) with parameters: {door_id=null, address_id=null, house_no=220/11, id=null}
2016-03-16 15:22:36,666 DEBUG [main] r.b.Transaction [Transaction.java:142] sql insert: INSERT INTO window(house_id, size) VALUES(:house_id, :size) with parameters: {house_id=19, size=small, id=null}
2016-03-16 15:22:36,667 DEBUG [main] r.b.Transaction [Transaction.java:142] sql insert: INSERT INTO window(house_id, size) VALUES(:house_id, :size) with parameters: {house_id=19, size=large, id=null}
2016-03-16 15:24:33,469 DEBUG [main] r.b.Transaction [Transaction.java:142] sql insert: INSERT INTO owner(amount) VALUES(:amount) with parameters: {amount=80.0, id=null}
2016-03-16 15:24:33,474 DEBUG [main] r.b.Transaction [Transaction.java:142] sql insert: INSERT INTO owner(amount) VALUES(:amount) with parameters: {amount=20.0, id=null}
2016-03-16 15:24:33,487 DEBUG [main] r.b.Transaction [Transaction.java:142] sql insert: INSERT INTO house(door_id, address_id, house_no) VALUES(:door_id, :address_id, :house_no) with parameters: {door_id=null, address_id=null, house_no=220/11, id=null}
2016-03-16 15:24:33,629 DEBUG [main] r.b.Transaction [Transaction.java:142] sql insert: INSERT INTO female(first_name, age) VALUES(:first_name, :age) with parameters: {id=null, first_name=F, age=35}
2016-03-16 15:24:33,633 DEBUG [main] r.b.Transaction [Transaction.java:142] sql insert: INSERT INTO male(female_id, first_name, age) VALUES(:female_id, :first_name, :age) with parameters: {female_id=61, id=null, first_name=Zeljko, age=35}
2016-03-16 15:24:33,684 DEBUG [main] r.b.Transaction [Transaction.java:142] sql insert: INSERT INTO house(door_id, address_id, house_no) VALUES(:door_id, :address_id, :house_no) with parameters: {door_id=null, address_id=null, house_no=220/11, id=null}
2016-03-16 15:24:33,688 DEBUG [main] r.b.Transaction [Transaction.java:142] sql insert: INSERT INTO window(house_id, size) VALUES(:house_id, :size) with parameters: {house_id=21, size=small, id=null}
2016-03-16 15:24:33,690 DEBUG [main] r.b.Transaction [Transaction.java:142] sql insert: INSERT INTO window(house_id, size) VALUES(:house_id, :size) with parameters: {house_id=21, size=large, id=null}
2016-03-16 15:25:25,252 DEBUG [main] r.b.Transaction [Transaction.java:142] sql insert: INSERT INTO owner(amount) VALUES(:amount) with parameters: {amount=80.0, id=null}
2016-03-16 15:25:25,257 DEBUG [main] r.b.Transaction [Transaction.java:142] sql insert: INSERT INTO owner(amount) VALUES(:amount) with parameters: {amount=20.0, id=null}
2016-03-16 15:25:25,270 DEBUG [main] r.b.Transaction [Transaction.java:142] sql insert: INSERT INTO house(door_id, address_id, house_no) VALUES(:door_id, :address_id, :house_no) with parameters: {door_id=null, address_id=null, house_no=220/11, id=null}
